<?xml version="1.0" encoding="UTF-8"?>
<!-- Generated by org.testng.reporters.JUnitReportReporter -->
<testsuite skipped="0" hostname="DeLL-DesktopMarija" name="selenium_31_05.OsnoveTestNG" tests="3" failures="0" timestamp="2021-06-09T16:21:25 CEST" time="0.006" errors="0">
  <testcase name="test3" time="0.004" classname="selenium_31_05.OsnoveTestNG"/>
  <system-out/>
  <testcase name="test2" time="0.001" classname="selenium_31_05.OsnoveTestNG"/>
  <system-out/>
  <testcase name="test1" time="0.001" classname="selenium_31_05.OsnoveTestNG"/>
  <system-out/>
</testsuite> <!-- selenium_31_05.OsnoveTestNG -->
