<?xml version="1.0" encoding="UTF-8"?>
<!-- Generated by org.testng.reporters.JUnitReportReporter -->
<testsuite skipped="0" hostname="DeLL-DesktopMarija" name="test5tests.Tests" tests="2" failures="0" timestamp="2021-06-14T20:13:20 CEST" time="16.860" errors="0">
  <testcase name="logInValidCredentials" time="4.544" classname="test5tests.Tests"/>
  <system-out/>
  <testcase name="addProducts" time="12.316" classname="test5tests.Tests"/>
  <system-out/>
</testsuite> <!-- test5tests.Tests -->
