<?xml version="1.0" encoding="UTF-8"?>
<!-- Generated by org.testng.reporters.JUnitReportReporter -->
<testsuite skipped="0" hostname="DeLL-DesktopMarija" name="testng.OsnoveTestNG" tests="3" failures="0" timestamp="2021-05-31T18:47:33 CEST" time="0.009" errors="0">
  <testcase name="test1" time="0.004" classname="testng.OsnoveTestNG"/>
  <system-out/>
  <testcase name="test2" time="0.004" classname="testng.OsnoveTestNG"/>
  <system-out/>
  <testcase name="test3" time="0.001" classname="testng.OsnoveTestNG"/>
  <system-out/>
</testsuite> <!-- testng.OsnoveTestNG -->
