<?xml version="1.0" encoding="UTF-8"?>
<!-- Generated by org.testng.reporters.JUnitReportReporter -->
<testsuite skipped="0" hostname="DeLL-DesktopMarija" name="selenium_31_05.vezba" tests="1" failures="0" timestamp="2021-06-09T16:10:27 CEST" time="0.000" errors="0">
  <testcase name="test1" time="0.000" classname="selenium_31_05.vezba"/>
  <system-out/>
</testsuite> <!-- selenium_31_05.vezba -->
