<?xml version="1.0" encoding="UTF-8"?>
<!-- Generated by org.testng.reporters.JUnitReportReporter -->
<testsuite skipped="0" hostname="DeLL-DesktopMarija" name="tests.Proba" tests="1" failures="0" timestamp="2021-07-28T13:02:24 CEST" time="12.603" errors="0">
  <testcase name="test" time="12.603" classname="tests.Proba"/>
  <system-out/>
</testsuite> <!-- tests.Proba -->
